[debug] [2026-02-25T08:52:31.297Z] ----------------------------------------------------------------------
[debug] [2026-02-25T08:52:31.298Z] Command:       /Users/sarabjeetsingh/.nvm/versions/node/v24.12.0/bin/node /Users/sarabjeetsingh/.nvm/versions/node/v24.12.0/bin/firebase deploy
[debug] [2026-02-25T08:52:31.298Z] CLI Version:   15.5.1
[debug] [2026-02-25T08:52:31.298Z] Platform:      darwin
[debug] [2026-02-25T08:52:31.298Z] Node Version:  v24.12.0
[debug] [2026-02-25T08:52:31.298Z] Time:          Wed Feb 25 2026 14:22:31 GMT+0530 (India Standard Time)
[debug] [2026-02-25T08:52:31.298Z] ----------------------------------------------------------------------
[debug] 
[debug] [2026-02-25T08:52:31.860Z] > command requires scopes: ["email","openid","https://www.googleapis.com/auth/cloudplatformprojects.readonly","https://www.googleapis.com/auth/firebase","https://www.googleapis.com/auth/cloud-platform"]
[debug] [2026-02-25T08:52:31.860Z] > authorizing via signed-in user (uixplor@gmail.com)
[debug] [2026-02-25T08:52:31.860Z] [iam] checking project uixplor-95641 for permissions ["firebase.projects.get","firebasehosting.sites.update"]
[debug] [2026-02-25T08:52:31.861Z] No OAuth tokens found
[debug] [2026-02-25T08:52:31.861Z] No OAuth tokens found
[debug] [2026-02-25T08:52:31.861Z] > refreshing access token with scopes: []
[debug] [2026-02-25T08:52:31.862Z] >>> [apiv2][query] POST https://www.googleapis.com/oauth2/v3/token [none]
[debug] [2026-02-25T08:52:31.862Z] >>> [apiv2][body] POST https://www.googleapis.com/oauth2/v3/token [omitted]
[debug] [2026-02-25T08:52:32.046Z] <<< [apiv2][status] POST https://www.googleapis.com/oauth2/v3/token 200
[debug] [2026-02-25T08:52:32.046Z] <<< [apiv2][body] POST https://www.googleapis.com/oauth2/v3/token [omitted]
[debug] [2026-02-25T08:52:32.053Z] >>> [apiv2][query] POST https://cloudresourcemanager.googleapis.com/v1/projects/uixplor-95641:testIamPermissions [none]
[debug] [2026-02-25T08:52:32.053Z] >>> [apiv2][(partial)header] POST https://cloudresourcemanager.googleapis.com/v1/projects/uixplor-95641:testIamPermissions  x-goog-user-project=uixplor-95641
[debug] [2026-02-25T08:52:32.053Z] >>> [apiv2][body] POST https://cloudresourcemanager.googleapis.com/v1/projects/uixplor-95641:testIamPermissions {"permissions":["firebase.projects.get","firebasehosting.sites.update"]}
[debug] [2026-02-25T08:52:33.536Z] <<< [apiv2][status] POST https://cloudresourcemanager.googleapis.com/v1/projects/uixplor-95641:testIamPermissions 200
[debug] [2026-02-25T08:52:33.536Z] <<< [apiv2][body] POST https://cloudresourcemanager.googleapis.com/v1/projects/uixplor-95641:testIamPermissions {"permissions":["firebase.projects.get","firebasehosting.sites.update"]}
[debug] [2026-02-25T08:52:33.537Z] Checked if tokens are valid: true, expires at: 1772013151046
[debug] [2026-02-25T08:52:33.537Z] Checked if tokens are valid: true, expires at: 1772013151046
[debug] [2026-02-25T08:52:33.538Z] >>> [apiv2][query] GET https://firebase.googleapis.com/v1beta1/projects/uixplor-95641 [none]
[debug] [2026-02-25T08:52:34.066Z] <<< [apiv2][status] GET https://firebase.googleapis.com/v1beta1/projects/uixplor-95641 200
[debug] [2026-02-25T08:52:34.066Z] <<< [apiv2][body] GET https://firebase.googleapis.com/v1beta1/projects/uixplor-95641 {"projectId":"uixplor-95641","projectNumber":"1077828715996","displayName":"UIXplor","name":"projects/uixplor-95641","resources":{"hostingSite":"uixplor-95641"},"state":"ACTIVE","etag":"1_4e1f47dc-5132-4f97-b421-6cc85f0d86d2"}
[info] 
[info] === Deploying to 'uixplor-95641'...
[info] 
[info] i  deploying hosting 
[info] Running command: npm run build
